<?xml version="1.0" encoding="UTF-8"?>
<!-- Generated by org.testng.reporters.JUnitReportReporter -->
<testsuite hostname="pairo" failures="0" tests="1" name="com.olenickglobal.TestNGCucumberTests" time="15.013" errors="1" timestamp="2023-11-13T16:09:04 ART" skipped="0">
  <testcase classname="com.olenickglobal.TestNGCucumberTests" name="runScenario" time="15.013">
    <error message="C:\Users\lauta\OneDrive\Escritorio\Qualitest\wordTaskbaricon.png: (56x46) in R[0,0 1536x864]@S(0)" type="org.sikuli.script.FindFailed">
      <![CDATA[FindFailed: C:\Users\lauta\OneDrive\Escritorio\Qualitest\wordTaskbaricon.png: (56x46) in R[0,0 1536x864]@S(0)
  Line 2226, in file Region.java

at org.sikuli.script.Region.wait(Region.java:2226)
at com.olenickglobal.Utils.ImageElement.waitFor(ImageElement.java:52)
at com.olenickglobal.steps.MyStepdefs.applicationLaunches(MyStepdefs.java:39)
at ✽."word" launches(file:///C:/Users/lauta/OneDrive/Escritorio/Qualitest/PickledEggplant/src/test/resources/features/word.feature:8)
]]>
    </error>
  </testcase> <!-- runScenario -->
</testsuite> <!-- com.olenickglobal.TestNGCucumberTests -->
