<?xml version="1.0" encoding="UTF-8"?>
<!-- Generated by org.testng.reporters.JUnitXMLReporter -->
<testsuite ignored="0" hostname="Lenovo-Legion7" failures="1" tests="1" name="Cucumber Test" time="21.237" errors="0" timestamp="2023-11-27T15:19:30 ART">
  <testcase classname="io.cucumber.testng.AbstractTestNGCucumberTests" name="runScenario" time="21.034">
    <failure type="com.olenickglobal.exceptions.OpeningExcelInReport" message="Error occurred while loading into excel inside the RPVReporter. Check file integrity.">
      <![CDATA[com.olenickglobal.exceptions.OpeningExcelInReport: Error occurred while loading into excel inside the RPVReporter. Check file integrity.
at listeners.RPVExcelReporter.reportEvent(RPVExcelReporter.java:87)
at listeners.ReporterCaller.generateReports(ReporterCaller.java:28)
at com.olenickglobal.ListenerManager.lambda$setEventPublisher$5(ListenerManager.java:24)
at io.cucumber.core.eventbus.AbstractEventPublisher.send(AbstractEventPublisher.java:51)
at io.cucumber.core.eventbus.AbstractEventBus.send(AbstractEventBus.java:12)
at io.cucumber.core.runtime.SynchronizedEventBus.send(SynchronizedEventBus.java:47)
at io.cucumber.core.runtime.ThreadLocalRunnerSupplier$LocalEventBus.send(ThreadLocalRunnerSupplier.java:62)
at io.cucumber.core.runner.TestCase.emitTestCaseFinished(TestCase.java:219)
at io.cucumber.core.runner.TestCase.run(TestCase.java:98)
at io.cucumber.core.runner.Runner.runPickle(Runner.java:75)
at io.cucumber.testng.TestNGCucumberRunner.lambda$runScenario$1(TestNGCucumberRunner.java:132)
at io.cucumber.core.runtime.CucumberExecutionContext.lambda$runTestCase$5(CucumberExecutionContext.java:137)
at io.cucumber.core.runtime.RethrowingThrowableCollector.executeAndThrow(RethrowingThrowableCollector.java:23)
at io.cucumber.core.runtime.CucumberExecutionContext.runTestCase(CucumberExecutionContext.java:137)
at io.cucumber.testng.TestNGCucumberRunner.runScenario(TestNGCucumberRunner.java:129)
at io.cucumber.testng.AbstractTestNGCucumberTests.runScenario(AbstractTestNGCucumberTests.java:35)
at java.base/java.util.ArrayList.forEach(ArrayList.java:1511)
at com.olenickglobal.Main.main(Main.java:21)
Caused by: java.io.FileNotFoundException: C:\Users\ielia\dvlp\PickledEggplant\src\test\resources\test.xlsx (The system cannot find the file specified)
at java.base/java.io.FileInputStream.open0(Native Method)
at java.base/java.io.FileInputStream.open(FileInputStream.java:216)
at java.base/java.io.FileInputStream.<init>(FileInputStream.java:157)
at listeners.RPVExcelReporter.reportEvent(RPVExcelReporter.java:75)
... 39 more
... Removed 22 stack frames]]>
    </failure>
  </testcase> <!-- runScenario -->
</testsuite> <!-- Cucumber Test -->
