<?xml version="1.0" encoding="UTF-8"?>
<!-- Generated by org.testng.reporters.JUnitXMLReporter -->
<testsuite ignored="0" hostname="pairo" failures="1" tests="1" name="Cucumber Test" time="15.339" errors="0" timestamp="2023-11-13T16:09:04 ART">
  <testcase classname="io.cucumber.testng.AbstractTestNGCucumberTests" name="runScenario" time="15.013">
    <failure type="org.sikuli.script.FindFailed" message="C:\Users\lauta\OneDrive\Escritorio\Qualitest\wordTaskbaricon.png: (56x46) in R[0,0 1536x864]@S(0)">
      <![CDATA[FindFailed: C:\Users\lauta\OneDrive\Escritorio\Qualitest\wordTaskbaricon.png: (56x46) in R[0,0 1536x864]@S(0)
  Line 2226, in file Region.java

at org.sikuli.script.Region.wait(Region.java:2226)
at com.olenickglobal.Utils.ImageElement.waitFor(ImageElement.java:52)
at com.olenickglobal.steps.MyStepdefs.applicationLaunches(MyStepdefs.java:39)
at ✽."word" launches(file:///C:/Users/lauta/OneDrive/Escritorio/Qualitest/PickledEggplant/src/test/resources/features/word.feature:8)
]]>
    </failure>
  </testcase> <!-- runScenario -->
</testsuite> <!-- Cucumber Test -->
